2022-08-03 15:40:03.8251 INFO  Application_Start  RuntimeMethodInfo.UnsafeInvokeInternal => RuntimeMethodHandle.InvokeMethod => Global.Application_Start

2022-08-03 15:40:40.9814 INFO    AsyncTaskMethodBuilder`1.Start => <ExecuteActionFilterAsyncCore>d__5.MoveNext => LogMessageAttribute.OnActionExecutingAsync

2022-08-03 15:40:41.0586 INFO  {"code":"500","message":"数据列表为空","flag":"failure"}  AsyncTaskMethodBuilder`1.Start => <CallOnActionExecutedAsync>d__6.MoveNext => LogMessageAttribute.OnActionExecutedAsync

2022-08-03 15:46:33.1110 INFO  [
    {
        "InputSerial": "",
        "Appliance": "111",
        "FeedingPointCode": "111",
        "FeedingPointName": "111",
        "Status": "1",
        "ProductLineCode": "111",
        "ProductLineName": "111",
        "PlanDate": "2022-08-03 12:00:00",
        "WaveNum": "111",
        "BatchNum": "111",
        "MaterialCode": "111",
        "MaterialName": "111",
        "Quantity": "111",
        "StationCode": "111",
        "StationName": "111",
        "PullNumber": "111",
        "LotNumber": "111",
        "VendorNumber": "111",
        "UtensilTypeCode": "111",
        "InputSerialDetail": "111"
    }
]  AsyncTaskMethodBuilder`1.Start => <ExecuteActionFilterAsyncCore>d__5.MoveNext => LogMessageAttribute.OnActionExecutingAsync

2022-08-03 15:46:33.1110 INFO  {"code":"500","message":"入库单号不能为空","flag":"failure"}  AsyncTaskMethodBuilder`1.Start => <CallOnActionExecutedAsync>d__6.MoveNext => LogMessageAttribute.OnActionExecutedAsync

2022-08-03 15:47:10.5493 INFO  [
    {
        "InputSerial": "111",
        "Appliance": "111",
        "FeedingPointCode": "111",
        "FeedingPointName": "111",
        "Status": "1",
        "ProductLineCode": "111",
        "ProductLineName": "111",
        "PlanDate": "2022-08-03 12:00:00",
        "WaveNum": "111",
        "BatchNum": "111",
        "MaterialCode": "111",
        "MaterialName": "111",
        "Quantity": "111",
        "StationCode": "111",
        "StationName": "111",
        "PullNumber": "111",
        "LotNumber": "111",
        "VendorNumber": "111",
        "UtensilTypeCode": "111",
        "InputSerialDetail": "111"
    }
]  AsyncTaskMethodBuilder`1.Start => <ExecuteActionFilterAsyncCore>d__5.MoveNext => LogMessageAttribute.OnActionExecutingAsync

2022-08-03 15:47:15.0870 ERROR  LogException  <ExecuteExceptionFilterAsyncCore>d__3.MoveNext => ExceptionFilterAttribute.OnExceptionAsync => LogExceptionFilterAttribute.OnException

2022-08-03 15:47:30.2390 INFO  [
    {
        "InputSerial": "111",
        "Appliance": "111",
        "FeedingPointCode": "111",
        "FeedingPointName": "111",
        "Status": "1",
        "ProductLineCode": "111",
        "ProductLineName": "111",
        "PlanDate": "2022-08-03 12:00:00",
        "WaveNum": "111",
        "BatchNum": "111",
        "MaterialCode": "111",
        "MaterialName": "111",
        "Quantity": "111",
        "StationCode": "111",
        "StationName": "111",
        "PullNumber": "111",
        "LotNumber": "111",
        "VendorNumber": "111",
        "UtensilTypeCode": "111",
        "InputSerialDetail": "111"
    }
]  AsyncTaskMethodBuilder`1.Start => <ExecuteActionFilterAsyncCore>d__5.MoveNext => LogMessageAttribute.OnActionExecutingAsync

2022-08-03 15:50:04.1287 ERROR  LogException  <ExecuteExceptionFilterAsyncCore>d__3.MoveNext => ExceptionFilterAttribute.OnExceptionAsync => LogExceptionFilterAttribute.OnException

